# JRE version: OpenJDK Runtime Environment Temurin-21.0.9+10 (21.0.9+10) (build 21.0.9+10-LTS)
# Java VM: OpenJDK 64-Bit Server VM Temurin-21.0.9+10 (21.0.9+10-LTS, mixed mode, sharing, tiered, compressed oops, compressed class ptrs, parallel gc, windows-amd64)
GC Precious Log:
 CardTable entry size: 512
 CPUs: 4 total, 4 available
 Memory: 8110M
 Large Page Support: Disabled
 NUMA Support: Disabled
 Compressed Oops: Enabled (32-bit)
 Alignments: Space 512K, Generation 512K, Heap 2M
 Heap Min Capacity: 100M
 Heap Initial Capacity: 100M
 Heap Max Capacity: 2G
 Pre-touch: Disabled
 Parallel Workers: 4
Heap:
 PSYoungGen      total 7680K, used 7566K [0x00000000d5580000, 0x00000000d6380000, 0x0000000100000000)
  eden space 5120K, 98% used [0x00000000d5580000,0x00000000d5a69790,0x00000000d5a80000)
  from space 2560K, 99% used [0x00000000d5c00000,0x00000000d5e7a2d0,0x00000000d5e80000)
  to   space 4608K, 0% used [0x00000000d5f00000,0x00000000d5f00000,0x00000000d6380000)
 ParOldGen       total 677888K, used 677550K [0x0000000080000000, 0x00000000a9600000, 0x00000000d5580000)
  object space 677888K, 99% used [0x0000000080000000,0x00000000a95abbb8,0x00000000a9600000)
 Metaspace       used 67778K, committed 69248K, reserved 1114112K
  class space    used 6890K, committed 7552K, reserved 1048576K
GC Heap History (20 events):
Event: 5820.560 GC heap before
{Heap before GC invocations=463 (full 3):
 PSYoungGen      total 5120K, used 3700K [0x00000000d5580000, 0x00000000d5d00000, 0x0000000100000000)
  eden space 2048K, 82% used [0x00000000d5580000,0x00000000d5725758,0x00000000d5780000)
  from space 3072K, 65% used [0x00000000d5780000,0x00000000d5977c00,0x00000000d5a80000)
  to   space 2560K, 0% used [0x00000000d5a80000,0x00000000d5a80000,0x00000000d5d00000)
 ParOldGen       total 661504K, used 661122K [0x0000000080000000, 0x00000000a8600000, 0x00000000d5580000)
  object space 661504K, 99% used [0x0000000080000000,0x00000000a85a0888,0x00000000a8600000)
 Metaspace       used 67744K, committed 69184K, reserved 1114112K
  class space    used 6890K, committed 7552K, reserved 1048576K
}
Event: 5820.563 GC heap after
{Heap after GC invocations=463 (full 3):
 PSYoungGen      total 4096K, used 1336K [0x00000000d5580000, 0x00000000d5c00000, 0x0000000100000000)
  eden space 2560K, 0% used [0x00000000d5580000,0x00000000d5580000,0x00000000d5800000)
  from space 1536K, 86% used [0x00000000d5a80000,0x00000000d5bce000,0x00000000d5c00000)
  to   space 2048K, 0% used [0x00000000d5800000,0x00000000d5800000,0x00000000d5a00000)
 ParOldGen       total 663040K, used 663034K [0x0000000080000000, 0x00000000a8780000, 0x00000000d5580000)
  object space 663040K, 99% used [0x0000000080000000,0x00000000a877e888,0x00000000a8780000)
 Metaspace       used 67744K, committed 69184K, reserved 1114112K
  class space    used 6890K, committed 7552K, reserved 1048576K
}
Event: 5820.583 GC heap before
{Heap before GC invocations=464 (full 3):
 PSYoungGen      total 4096K, used 3896K [0x00000000d5580000, 0x00000000d5c00000, 0x0000000100000000)
  eden space 2560K, 100% used [0x00000000d5580000,0x00000000d5800000,0x00000000d5800000)
  from space 1536K, 86% used [0x00000000d5a80000,0x00000000d5bce000,0x00000000d5c00000)
  to   space 2048K, 0% used [0x00000000d5800000,0x00000000d5800000,0x00000000d5a00000)
 ParOldGen       total 663040K, used 663034K [0x0000000080000000, 0x00000000a8780000, 0x00000000d5580000)
  object space 663040K, 99% used [0x0000000080000000,0x00000000a877e888,0x00000000a8780000)
 Metaspace       used 67744K, committed 69184K, reserved 1114112K
  class space    used 6890K, committed 7552K, reserved 1048576K
}
Event: 5820.587 GC heap after
{Heap after GC invocations=464 (full 3):
 PSYoungGen      total 4608K, used 2026K [0x00000000d5580000, 0x00000000d6080000, 0x0000000100000000)
  eden space 2560K, 0% used [0x00000000d5580000,0x00000000d5580000,0x00000000d5800000)
  from space 2048K, 98% used [0x00000000d5800000,0x00000000d59fa990,0x00000000d5a00000)
  to   space 4096K, 0% used [0x00000000d5c80000,0x00000000d5c80000,0x00000000d6080000)
 ParOldGen       total 664576K, used 664338K [0x0000000080000000, 0x00000000a8900000, 0x00000000d5580000)
  object space 664576K, 99% used [0x0000000080000000,0x00000000a88c4888,0x00000000a8900000)
 Metaspace       used 67744K, committed 69184K, reserved 1114112K
  class space    used 6890K, committed 7552K, reserved 1048576K
}
Event: 5820.591 GC heap before
{Heap before GC invocations=465 (full 3):
 PSYoungGen      total 4608K, used 4586K [0x00000000d5580000, 0x00000000d6080000, 0x0000000100000000)
  eden space 2560K, 100% used [0x00000000d5580000,0x00000000d5800000,0x00000000d5800000)
  from space 2048K, 98% used [0x00000000d5800000,0x00000000d59fa990,0x00000000d5a00000)
  to   space 4096K, 0% used [0x00000000d5c80000,0x00000000d5c80000,0x00000000d6080000)
 ParOldGen       total 664576K, used 664338K [0x0000000080000000, 0x00000000a8900000, 0x00000000d5580000)
  object space 664576K, 99% used [0x0000000080000000,0x00000000a88c4888,0x00000000a8900000)
 Metaspace       used 67744K, committed 69184K, reserved 1114112K
  class space    used 6890K, committed 7552K, reserved 1048576K
}
Event: 5820.596 GC heap after
{Heap after GC invocations=465 (full 3):
 PSYoungGen      total 5120K, used 1984K [0x00000000d5580000, 0x00000000d5e80000, 0x0000000100000000)
  eden space 3072K, 0% used [0x00000000d5580000,0x00000000d5580000,0x00000000d5880000)
  from space 2048K, 96% used [0x00000000d5c80000,0x00000000d5e70000,0x00000000d5e80000)
  to   space 2560K, 0% used [0x00000000d5980000,0x00000000d5980000,0x00000000d5c00000)
 ParOldGen       total 666624K, used 666388K [0x0000000080000000, 0x00000000a8b00000, 0x00000000d5580000)
  object space 666624K, 99% used [0x0000000080000000,0x00000000a8ac5218,0x00000000a8b00000)
 Metaspace       used 67744K, committed 69184K, reserved 1114112K
  class space    used 6890K, committed 7552K, reserved 1048576K
}
Event: 5823.168 GC heap before
{Heap before GC invocations=466 (full 3):
 PSYoungGen      total 5120K, used 5056K [0x00000000d5580000, 0x00000000d5e80000, 0x0000000100000000)
  eden space 3072K, 100% used [0x00000000d5580000,0x00000000d5880000,0x00000000d5880000)
  from space 2048K, 96% used [0x00000000d5c80000,0x00000000d5e70000,0x00000000d5e80000)
  to   space 2560K, 0% used [0x00000000d5980000,0x00000000d5980000,0x00000000d5c00000)
 ParOldGen       total 666624K, used 666388K [0x0000000080000000, 0x00000000a8b00000, 0x00000000d5580000)
  object space 666624K, 99% used [0x0000000080000000,0x00000000a8ac5218,0x00000000a8b00000)
 Metaspace       used 67744K, committed 69184K, reserved 1114112K
  class space    used 6890K, committed 7552K, reserved 1048576K
}
Event: 5823.171 GC heap after
{Heap after GC invocations=466 (full 3):
 PSYoungGen      total 5632K, used 1424K [0x00000000d5580000, 0x00000000d5d80000, 0x0000000100000000)
  eden space 4096K, 0% used [0x00000000d5580000,0x00000000d5580000,0x00000000d5980000)
  from space 1536K, 92% used [0x00000000d5980000,0x00000000d5ae4010,0x00000000d5b00000)
  to   space 2048K, 0% used [0x00000000d5b80000,0x00000000d5b80000,0x00000000d5d80000)
 ParOldGen       total 668160K, used 668068K [0x0000000080000000, 0x00000000a8c80000, 0x00000000d5580000)
  object space 668160K, 99% used [0x0000000080000000,0x00000000a8c69218,0x00000000a8c80000)
 Metaspace       used 67744K, committed 69184K, reserved 1114112K
  class space    used 6890K, committed 7552K, reserved 1048576K
}
Event: 5823.188 GC heap before
{Heap before GC invocations=467 (full 3):
 PSYoungGen      total 5632K, used 5520K [0x00000000d5580000, 0x00000000d5d80000, 0x0000000100000000)
  eden space 4096K, 100% used [0x00000000d5580000,0x00000000d5980000,0x00000000d5980000)
  from space 1536K, 92% used [0x00000000d5980000,0x00000000d5ae4010,0x00000000d5b00000)
  to   space 2048K, 0% used [0x00000000d5b80000,0x00000000d5b80000,0x00000000d5d80000)
 ParOldGen       total 668160K, used 668068K [0x0000000080000000, 0x00000000a8c80000, 0x00000000d5580000)
  object space 668160K, 99% used [0x0000000080000000,0x00000000a8c69218,0x00000000a8c80000)
 Metaspace       used 67744K, committed 69184K, reserved 1114112K
  class space    used 6890K, committed 7552K, reserved 1048576K
}
Event: 5823.190 GC heap after
{Heap after GC invocations=467 (full 3):
 PSYoungGen      total 6144K, used 64K [0x00000000d5580000, 0x00000000d5c80000, 0x0000000100000000)
  eden space 5120K, 0% used [0x00000000d5580000,0x00000000d5580000,0x00000000d5a80000)
  from space 1024K, 6% used [0x00000000d5b80000,0x00000000d5b90000,0x00000000d5c80000)
  to   space 1024K, 0% used [0x00000000d5a80000,0x00000000d5a80000,0x00000000d5b80000)
 ParOldGen       total 669696K, used 669236K [0x0000000080000000, 0x00000000a8e00000, 0x00000000d5580000)
  object space 669696K, 99% used [0x0000000080000000,0x00000000a8d8d218,0x00000000a8e00000)
 Metaspace       used 67744K, committed 69184K, reserved 1114112K
  class space    used 6890K, committed 7552K, reserved 1048576K
}
Event: 5823.266 GC heap before
{Heap before GC invocations=468 (full 3):
 PSYoungGen      total 6144K, used 5184K [0x00000000d5580000, 0x00000000d5c80000, 0x0000000100000000)
  eden space 5120K, 100% used [0x00000000d5580000,0x00000000d5a80000,0x00000000d5a80000)
  from space 1024K, 6% used [0x00000000d5b80000,0x00000000d5b90000,0x00000000d5c80000)
  to   space 1024K, 0% used [0x00000000d5a80000,0x00000000d5a80000,0x00000000d5b80000)
 ParOldGen       total 669696K, used 669236K [0x0000000080000000, 0x00000000a8e00000, 0x00000000d5580000)
  object space 669696K, 99% used [0x0000000080000000,0x00000000a8d8d218,0x00000000a8e00000)
 Metaspace       used 67766K, committed 69248K, reserved 1114112K
  class space    used 6890K, committed 7552K, reserved 1048576K
}
Event: 5823.270 GC heap after
{Heap after GC invocations=468 (full 3):
 PSYoungGen      total 6144K, used 1000K [0x00000000d5580000, 0x00000000d6380000, 0x0000000100000000)
  eden space 5120K, 0% used [0x00000000d5580000,0x00000000d5580000,0x00000000d5a80000)
  from space 1024K, 97% used [0x00000000d5a80000,0x00000000d5b7a2d0,0x00000000d5b80000)
  to   space 4608K, 0% used [0x00000000d5f00000,0x00000000d5f00000,0x00000000d6380000)
 ParOldGen       total 672256K, used 672036K [0x0000000080000000, 0x00000000a9080000, 0x00000000d5580000)
  object space 672256K, 99% used [0x0000000080000000,0x00000000a9049218,0x00000000a9080000)
 Metaspace       used 67766K, committed 69248K, reserved 1114112K
  class space    used 6890K, committed 7552K, reserved 1048576K
}
Event: 5823.309 GC heap before
{Heap before GC invocations=469 (full 3):
 PSYoungGen      total 6144K, used 6120K [0x00000000d5580000, 0x00000000d6380000, 0x0000000100000000)
  eden space 5120K, 100% used [0x00000000d5580000,0x00000000d5a80000,0x00000000d5a80000)
  from space 1024K, 97% used [0x00000000d5a80000,0x00000000d5b7a2d0,0x00000000d5b80000)
  to   space 4608K, 0% used [0x00000000d5f00000,0x00000000d5f00000,0x00000000d6380000)
 ParOldGen       total 672256K, used 672036K [0x0000000080000000, 0x00000000a9080000, 0x00000000d5580000)
  object space 672256K, 99% used [0x0000000080000000,0x00000000a9049218,0x00000000a9080000)
 Metaspace       used 67766K, committed 69248K, reserved 1114112K
  class space    used 6890K, committed 7552K, reserved 1048576K
}
Event: 5823.311 GC heap after
{Heap after GC invocations=469 (full 3):
 PSYoungGen      total 5632K, used 474K [0x00000000d5580000, 0x00000000d5f80000, 0x0000000100000000)
  eden space 5120K, 0% used [0x00000000d5580000,0x00000000d5580000,0x00000000d5a80000)
  from space 512K, 92% used [0x00000000d5f00000,0x00000000d5f76990,0x00000000d5f80000)
  to   space 2048K, 0% used [0x00000000d5b80000,0x00000000d5b80000,0x00000000d5d80000)
 ParOldGen       total 672256K, used 672092K [0x0000000080000000, 0x00000000a9080000, 0x00000000d5580000)
  object space 672256K, 99% used [0x0000000080000000,0x00000000a9057228,0x00000000a9080000)
 Metaspace       used 67766K, committed 69248K, reserved 1114112K
  class space    used 6890K, committed 7552K, reserved 1048576K
}
Event: 5823.352 GC heap before
{Heap before GC invocations=470 (full 3):
 PSYoungGen      total 5632K, used 5594K [0x00000000d5580000, 0x00000000d5f80000, 0x0000000100000000)
  eden space 5120K, 100% used [0x00000000d5580000,0x00000000d5a80000,0x00000000d5a80000)
  from space 512K, 92% used [0x00000000d5f00000,0x00000000d5f76990,0x00000000d5f80000)
  to   space 2048K, 0% used [0x00000000d5b80000,0x00000000d5b80000,0x00000000d5d80000)
 ParOldGen       total 672256K, used 672092K [0x0000000080000000, 0x00000000a9080000, 0x00000000d5580000)
  object space 672256K, 99% used [0x0000000080000000,0x00000000a9057228,0x00000000a9080000)
 Metaspace       used 67766K, committed 69248K, reserved 1114112K
  class space    used 6890K, committed 7552K, reserved 1048576K
}
Event: 5823.356 GC heap after
{Heap after GC invocations=470 (full 3):
 PSYoungGen      total 7168K, used 2048K [0x00000000d5580000, 0x00000000d6580000, 0x0000000100000000)
  eden space 5120K, 0% used [0x00000000d5580000,0x00000000d5580000,0x00000000d5a80000)
  from space 2048K, 100% used [0x00000000d5b80000,0x00000000d5d80000,0x00000000d5d80000)
  to   space 5632K, 0% used [0x00000000d6000000,0x00000000d6000000,0x00000000d6580000)
 ParOldGen       total 674816K, used 674582K [0x0000000080000000, 0x00000000a9300000, 0x00000000d5580000)
  object space 674816K, 99% used [0x0000000080000000,0x00000000a92c5bb8,0x00000000a9300000)
 Metaspace       used 67766K, committed 69248K, reserved 1114112K
  class space    used 6890K, committed 7552K, reserved 1048576K
}
Event: 5830.518 GC heap before
{Heap before GC invocations=471 (full 3):
 PSYoungGen      total 7168K, used 7168K [0x00000000d5580000, 0x00000000d6580000, 0x0000000100000000)
  eden space 5120K, 100% used [0x00000000d5580000,0x00000000d5a80000,0x00000000d5a80000)
  from space 2048K, 100% used [0x00000000d5b80000,0x00000000d5d80000,0x00000000d5d80000)
  to   space 5632K, 0% used [0x00000000d6000000,0x00000000d6000000,0x00000000d6580000)
 ParOldGen       total 674816K, used 674582K [0x0000000080000000, 0x00000000a9300000, 0x00000000d5580000)
  object space 674816K, 99% used [0x0000000080000000,0x00000000a92c5bb8,0x00000000a9300000)
 Metaspace       used 67767K, committed 69248K, reserved 1114112K
  class space    used 6890K, committed 7552K, reserved 1048576K
}
Event: 5830.521 GC heap after
{Heap after GC invocations=471 (full 3):
 PSYoungGen      total 6144K, used 672K [0x00000000d5580000, 0x00000000d6100000, 0x0000000100000000)
  eden space 5120K, 0% used [0x00000000d5580000,0x00000000d5580000,0x00000000d5a80000)
  from space 1024K, 65% used [0x00000000d6000000,0x00000000d60a8000,0x00000000d6100000)
  to   space 2560K, 0% used [0x00000000d5c00000,0x00000000d5c00000,0x00000000d5e80000)
 ParOldGen       total 676864K, used 676422K [0x0000000080000000, 0x00000000a9500000, 0x00000000d5580000)
  object space 676864K, 99% used [0x0000000080000000,0x00000000a9491bb8,0x00000000a9500000)
 Metaspace       used 67767K, committed 69248K, reserved 1114112K
  class space    used 6890K, committed 7552K, reserved 1048576K
}
Event: 5830.624 GC heap before
{Heap before GC invocations=472 (full 3):
 PSYoungGen      total 6144K, used 5792K [0x00000000d5580000, 0x00000000d6100000, 0x0000000100000000)
  eden space 5120K, 100% used [0x00000000d5580000,0x00000000d5a80000,0x00000000d5a80000)
  from space 1024K, 65% used [0x00000000d6000000,0x00000000d60a8000,0x00000000d6100000)
  to   space 2560K, 0% used [0x00000000d5c00000,0x00000000d5c00000,0x00000000d5e80000)
 ParOldGen       total 676864K, used 676422K [0x0000000080000000, 0x00000000a9500000, 0x00000000d5580000)
  object space 676864K, 99% used [0x0000000080000000,0x00000000a9491bb8,0x00000000a9500000)
 Metaspace       used 67778K, committed 69248K, reserved 1114112K
  class space    used 6890K, committed 7552K, reserved 1048576K
}
Event: 5830.627 GC heap after
{Heap after GC invocations=472 (full 3):
 PSYoungGen      total 7680K, used 2536K [0x00000000d5580000, 0x00000000d6380000, 0x0000000100000000)
  eden space 5120K, 0% used [0x00000000d5580000,0x00000000d5580000,0x00000000d5a80000)
  from space 2560K, 99% used [0x00000000d5c00000,0x00000000d5e7a2d0,0x00000000d5e80000)
  to   space 4608K, 0% used [0x00000000d5f00000,0x00000000d5f00000,0x00000000d6380000)
 ParOldGen       total 677888K, used 677550K [0x0000000080000000, 0x00000000a9600000, 0x00000000d5580000)
  object space 677888K, 99% used [0x0000000080000000,0x00000000a95abbb8,0x00000000a9600000)
 Metaspace       used 67778K, committed 69248K, reserved 1114112K
  class space    used 6890K, committed 7552K, reserved 1048576K
}

